<?xml version="1.0" encoding="UTF-8"?>
<!-- Generated by org.testng.reporters.JUnitReportReporter -->
<testsuite hostname="DESKTOP-QB4O65F" failures="0" tests="4" name="ecommerce.Automation" time="254.742" errors="0" timestamp="2022-10-18T19:32:15 IST" skipped="0">
  <testcase classname="ecommerce.Automation" name="LaunchFirefox" time="4.013"/>
  <testcase classname="ecommerce.Automation" name="firefox" time="139.132"/>
  <testcase classname="ecommerce.Automation" name="f" time="109.571"/>
  <testcase classname="ecommerce.Automation" name="LaunchChrome" time="2.026"/>
</testsuite> <!-- ecommerce.Automation -->
